# JRE version: Java(TM) SE Runtime Environment (7.0_71-b14) (build 1.7.0_71-b14)
# Java VM: Java HotSpot(TM) 64-Bit Server VM (24.71-b01 mixed mode windows-amd64 compressed oops)
Heap
 PSYoungGen      total 269312K, used 265638K [0x00000000eaa80000, 0x00000000fe100000, 0x0000000100000000)
  eden space 236032K, 100% used [0x00000000eaa80000,0x00000000f9100000,0x00000000f9100000)
  from space 33280K, 88% used [0x00000000fc080000,0x00000000fdd69b60,0x00000000fe100000)
  to   space 40960K, 43% used [0x00000000f9100000,0x00000000fa2708a8,0x00000000fb900000)
 ParOldGen       total 698880K, used 92226K [0x00000000c0000000, 0x00000000eaa80000, 0x00000000eaa80000)
  object space 698880K, 13% used [0x00000000c0000000,0x00000000c5a109b8,0x00000000eaa80000)
 PSPermGen       total 116224K, used 104032K [0x00000000b0000000, 0x00000000b7180000, 0x00000000c0000000)
  object space 116224K, 89% used [0x00000000b0000000,0x00000000b65980b8,0x00000000b7180000)
GC Heap History (10 events):
Event: 6514.321 GC heap after
Heap after GC invocations=26 (full 5):
 PSYoungGen      total 281600K, used 24295K [0x00000000eaa80000, 0x00000000fed80000, 0x0000000100000000)
  eden space 257024K, 0% used [0x00000000eaa80000,0x00000000eaa80000,0x00000000fa580000)
  from space 24576K, 98% used [0x00000000fb280000,0x00000000fca39d80,0x00000000fca80000)
  to   space 35840K, 0% used [0x00000000fca80000,0x00000000fca80000,0x00000000fed80000)
 ParOldGen       total 130560K, used 76175K [0x00000000c0000000, 0x00000000c7f80000, 0x00000000eaa80000)
  object space 130560K, 58% used [0x00000000c0000000,0x00000000c4a63ef8,0x00000000c7f80000)
 PSPermGen       total 143360K, used 111293K [0x00000000b0000000, 0x00000000b8c00000, 0x00000000c0000000)
  object space 143360K, 77% used [0x00000000b0000000,0x00000000b6caf408,0x00000000b8c00000)
}
Event: 6516.057 GC heap before
{Heap before GC invocations=27 (full 5):
 PSYoungGen      total 281600K, used 94421K [0x00000000eaa80000, 0x00000000fed80000, 0x0000000100000000)
  eden space 257024K, 27% used [0x00000000eaa80000,0x00000000eeefb7d8,0x00000000fa580000)
  from space 24576K, 98% used [0x00000000fb280000,0x00000000fca39d80,0x00000000fca80000)
  to   space 35840K, 0% used [0x00000000fca80000,0x00000000fca80000,0x00000000fed80000)
 ParOldGen       total 130560K, used 76175K [0x00000000c0000000, 0x00000000c7f80000, 0x00000000eaa80000)
  object space 130560K, 58% used [0x00000000c0000000,0x00000000c4a63ef8,0x00000000c7f80000)
 PSPermGen       total 143360K, used 112909K [0x00000000b0000000, 0x00000000b8c00000, 0x00000000c0000000)
  object space 143360K, 78% used [0x00000000b0000000,0x00000000b6e435b0,0x00000000b8c00000)
Event: 6516.090 GC heap after
Heap after GC invocations=27 (full 5):
 PSYoungGen      total 291840K, used 7542K [0x00000000eaa80000, 0x00000000fec80000, 0x0000000100000000)
  eden space 257024K, 0% used [0x00000000eaa80000,0x00000000eaa80000,0x00000000fa580000)
  from space 34816K, 21% used [0x00000000fca80000,0x00000000fd1ddbc0,0x00000000fec80000)
  to   space 36352K, 0% used [0x00000000fa580000,0x00000000fa580000,0x00000000fc900000)
 ParOldGen       total 130560K, used 92057K [0x00000000c0000000, 0x00000000c7f80000, 0x00000000eaa80000)
  object space 130560K, 70% used [0x00000000c0000000,0x00000000c59e6720,0x00000000c7f80000)
 PSPermGen       total 143360K, used 112909K [0x00000000b0000000, 0x00000000b8c00000, 0x00000000c0000000)
  object space 143360K, 78% used [0x00000000b0000000,0x00000000b6e435b0,0x00000000b8c00000)
}
Event: 6516.090 GC heap before
{Heap before GC invocations=28 (full 6):
 PSYoungGen      total 291840K, used 7542K [0x00000000eaa80000, 0x00000000fec80000, 0x0000000100000000)
  eden space 257024K, 0% used [0x00000000eaa80000,0x00000000eaa80000,0x00000000fa580000)
  from space 34816K, 21% used [0x00000000fca80000,0x00000000fd1ddbc0,0x00000000fec80000)
  to   space 36352K, 0% used [0x00000000fa580000,0x00000000fa580000,0x00000000fc900000)
 ParOldGen       total 130560K, used 92057K [0x00000000c0000000, 0x00000000c7f80000, 0x00000000eaa80000)
  object space 130560K, 70% used [0x00000000c0000000,0x00000000c59e6720,0x00000000c7f80000)
 PSPermGen       total 143360K, used 112909K [0x00000000b0000000, 0x00000000b8c00000, 0x00000000c0000000)
  object space 143360K, 78% used [0x00000000b0000000,0x00000000b6e435b0,0x00000000b8c00000)
Event: 6516.707 GC heap after
Heap after GC invocations=28 (full 6):
 PSYoungGen      total 291840K, used 0K [0x00000000eaa80000, 0x00000000fec80000, 0x0000000100000000)
  eden space 257024K, 0% used [0x00000000eaa80000,0x00000000eaa80000,0x00000000fa580000)
  from space 34816K, 0% used [0x00000000fca80000,0x00000000fca80000,0x00000000fec80000)
  to   space 36352K, 0% used [0x00000000fa580000,0x00000000fa580000,0x00000000fc900000)
 ParOldGen       total 130560K, used 56740K [0x00000000c0000000, 0x00000000c7f80000, 0x00000000eaa80000)
  object space 130560K, 43% used [0x00000000c0000000,0x00000000c37693e0,0x00000000c7f80000)
 PSPermGen       total 116224K, used 71079K [0x00000000b0000000, 0x00000000b7180000, 0x00000000c0000000)
  object space 116224K, 61% used [0x00000000b0000000,0x00000000b4569c88,0x00000000b7180000)
}
Event: 6545.254 GC heap before
{Heap before GC invocations=29 (full 6):
 PSYoungGen      total 291840K, used 257024K [0x00000000eaa80000, 0x00000000fec80000, 0x0000000100000000)
  eden space 257024K, 100% used [0x00000000eaa80000,0x00000000fa580000,0x00000000fa580000)
  from space 34816K, 0% used [0x00000000fca80000,0x00000000fca80000,0x00000000fec80000)
  to   space 36352K, 0% used [0x00000000fa580000,0x00000000fa580000,0x00000000fc900000)
 ParOldGen       total 130560K, used 56740K [0x00000000c0000000, 0x00000000c7f80000, 0x00000000eaa80000)
  object space 130560K, 43% used [0x00000000c0000000,0x00000000c37693e0,0x00000000c7f80000)
 PSPermGen       total 116224K, used 80074K [0x00000000b0000000, 0x00000000b7180000, 0x00000000c0000000)
  object space 116224K, 68% used [0x00000000b0000000,0x00000000b4e32a28,0x00000000b7180000)
Event: 6545.291 GC heap after
Heap after GC invocations=29 (full 6):
 PSYoungGen      total 272896K, used 26616K [0x00000000eaa80000, 0x00000000fe600000, 0x0000000100000000)
  eden space 246272K, 0% used [0x00000000eaa80000,0x00000000eaa80000,0x00000000f9b00000)
  from space 26624K, 99% used [0x00000000fa580000,0x00000000fbf7e170,0x00000000fbf80000)
  to   space 38400K, 0% used [0x00000000fc080000,0x00000000fc080000,0x00000000fe600000)
 ParOldGen       total 130560K, used 56740K [0x00000000c0000000, 0x00000000c7f80000, 0x00000000eaa80000)
  object space 130560K, 43% used [0x00000000c0000000,0x00000000c37693e0,0x00000000c7f80000)
 PSPermGen       total 116224K, used 80074K [0x00000000b0000000, 0x00000000b7180000, 0x00000000c0000000)
  object space 116224K, 68% used [0x00000000b0000000,0x00000000b4e32a28,0x00000000b7180000)
}
Event: 6557.661 GC heap before
{Heap before GC invocations=30 (full 6):
 PSYoungGen      total 272896K, used 272888K [0x00000000eaa80000, 0x00000000fe600000, 0x0000000100000000)
  eden space 246272K, 100% used [0x00000000eaa80000,0x00000000f9b00000,0x00000000f9b00000)
  from space 26624K, 99% used [0x00000000fa580000,0x00000000fbf7e170,0x00000000fbf80000)
  to   space 38400K, 0% used [0x00000000fc080000,0x00000000fc080000,0x00000000fe600000)
 ParOldGen       total 130560K, used 56740K [0x00000000c0000000, 0x00000000c7f80000, 0x00000000eaa80000)
  object space 130560K, 43% used [0x00000000c0000000,0x00000000c37693e0,0x00000000c7f80000)
 PSPermGen       total 116224K, used 93853K [0x00000000b0000000, 0x00000000b7180000, 0x00000000c0000000)
  object space 116224K, 80% used [0x00000000b0000000,0x00000000b5ba7530,0x00000000b7180000)
Event: 6557.724 GC heap after
Heap after GC invocations=30 (full 6):
 PSYoungGen      total 269312K, used 29606K [0x00000000eaa80000, 0x00000000fe100000, 0x0000000100000000)
  eden space 236032K, 0% used [0x00000000eaa80000,0x00000000eaa80000,0x00000000f9100000)
  from space 33280K, 88% used [0x00000000fc080000,0x00000000fdd69b60,0x00000000fe100000)
  to   space 40960K, 0% used [0x00000000f9100000,0x00000000f9100000,0x00000000fb900000)
 ParOldGen       total 130560K, used 74421K [0x00000000c0000000, 0x00000000c7f80000, 0x00000000eaa80000)
  object space 130560K, 57% used [0x00000000c0000000,0x00000000c48ad670,0x00000000c7f80000)
 PSPermGen       total 116224K, used 93853K [0x00000000b0000000, 0x00000000b7180000, 0x00000000c0000000)
  object space 116224K, 80% used [0x00000000b0000000,0x00000000b5ba7530,0x00000000b7180000)
}
Event: 7081.928 GC heap before
{Heap before GC invocations=31 (full 6):
 PSYoungGen      total 269312K, used 265638K [0x00000000eaa80000, 0x00000000fe100000, 0x0000000100000000)
  eden space 236032K, 100% used [0x00000000eaa80000,0x00000000f9100000,0x00000000f9100000)
  from space 33280K, 88% used [0x00000000fc080000,0x00000000fdd69b60,0x00000000fe100000)
  to   space 40960K, 0% used [0x00000000f9100000,0x00000000f9100000,0x00000000fb900000)
 ParOldGen       total 130560K, used 74421K [0x00000000c0000000, 0x00000000c7f80000, 0x00000000eaa80000)
  object space 130560K, 57% used [0x00000000c0000000,0x00000000c48ad670,0x00000000c7f80000)
 PSPermGen       total 116224K, used 104032K [0x00000000b0000000, 0x00000000b7180000, 0x00000000c0000000)
  object space 116224K, 89% used [0x00000000b0000000,0x00000000b65980b8,0x00000000b7180000)

